#
# A fatal error has been detected by the Java Runtime Environment:
#
#  EXCEPTION_ACCESS_VIOLATION (0xc0000005) at pc=0x000000006558b3ed, pid=1988, tid=7008
#
# JRE version: 7.0_06-b24
# Java VM: Java HotSpot(TM) 64-Bit Server VM (23.2-b09 mixed mode windows-amd64 compressed oops)
# Problematic frame:
# C  [gdx64.dll+0xb3ed]
#
# Failed to write core dump. Minidumps are not enabled by default on client versions of Windows
#
# If you would like to submit a bug report, please visit:
#   http://bugreport.sun.com/bugreport/crash.jsp
# The crash happened outside the Java Virtual Machine in native code.
# See problematic frame for where to report the bug.
#

---------------  T H R E A D  ---------------

Current thread (0x0000000009f0a000):  JavaThread "LWJGL Application" [_thread_in_native, id=7008, stack(0x000000000ce60000,0x000000000cf60000)]

siginfo: ExceptionCode=0xc0000005, reading address 0x00000002004ad270

Registers:
RAX=0x0000000000000008, RBX=0x000000000038bf90, RCX=0x00000002004ad270, RDX=0x00000000000000b8
RSP=0x000000000cf5ed30, RBP=0x000000000cf5ef28, RSI=0x0000000000000006, RDI=0x00000000022e6257
R8 =0x000000000038bf90, R9 =0x0000000000000000, R10=0x0000000000000001, R11=0x0000000000000001
R12=0x0000000000000000, R13=0x000000009c6d9678, R14=0x000000000cf5efd0, R15=0x0000000009f0a000
RIP=0x000000006558b3ed, EFLAGS=0x0000000000010202

Top of Stack: (sp=0x000000000cf5ed30)
0x000000000cf5ed30:   0000000009ef1ee8 000000006cba8ff7
0x000000000cf5ed40:   0000000009ef1ee8 0000000009ef1ee8
0x000000000cf5ed50:   000000000038bf90 000000000cf5ede0
0x000000000cf5ed60:   00000000022e6257 000000000cf5ef28
0x000000000cf5ed70:   0000000000000000 00000000655a1d53
0x000000000cf5ed80:   0000000009ef1ee8 0000000100000012
0x000000000cf5ed90:   0000000000000011 000000000cf5ef40
0x000000000cf5eda0:   0000000000000002 000000009c6f4a98
0x000000000cf5edb0:   00000000022e6257 00000000655aa428
0x000000000cf5edc0:   000000009c6d9678 0000000000000000
0x000000000cf5edd0:   00000000022e6257 00000000022e55d8
0x000000000cf5ede0:   4048a77500000002 00000000408b3f83
0x000000000cf5edf0:   0000000000000000 0000000000000000
0x000000000cf5ee00:   0000010100000000 000000000cf5ef01
0x000000000cf5ee10:   0000000000000000 000000003f800000
0x000000000cf5ee20:   000000009c6d9678 00000000022f2388 

Instructions: (pc=0x000000006558b3ed)
0x000000006558b3cd:   8f ec 05 00 48 63 f6 0f b6 34 30 83 fe 0d 77 25
0x000000006558b3dd:   48 63 f6 48 8d 46 02 48 8b 0c c3 48 85 c9 74 3e
0x000000006558b3ed:   48 8b 11 48 89 14 c3 48 89 c8 48 83 c4 20 5b 5e
0x000000006558b3fd:   5f 5d 41 5c c3 48 8d 0d af 06 05 00 48 8d 15 40 


Register to memory mapping:

RAX=0x0000000000000008 is an unknown value
RBX=0x000000000038bf90 is an unknown value
RCX=0x00000002004ad270 is an unknown value
RDX=0x00000000000000b8 is an unknown value
RSP=0x000000000cf5ed30 is pointing into the stack for thread: 0x0000000009f0a000
RBP=0x000000000cf5ef28 is pointing into the stack for thread: 0x0000000009f0a000
RSI=0x0000000000000006 is an unknown value
RDI=0x00000000022e6257 is an Interpreter codelet
return entry points  [0x00000000022e5820, 0x00000000022e7620]  7680 bytes
R8 =0x000000000038bf90 is an unknown value
R9 =0x0000000000000000 is an unknown value
R10=0x0000000000000001 is an unknown value
R11=0x0000000000000001 is an unknown value
R12=0x0000000000000000 is an unknown value
R13=0x000000009c6d9678 is an oop
{method} 
 - klass: {other class}
R14=0x000000000cf5efd0 is pointing into the stack for thread: 0x0000000009f0a000
R15=0x0000000009f0a000 is a thread


Stack: [0x000000000ce60000,0x000000000cf60000],  sp=0x000000000cf5ed30,  free space=1019k
Native frames: (J=compiled Java code, j=interpreted, Vv=VM code, C=native code)
C  [gdx64.dll+0xb3ed]
j  com.badlogic.gdx.physics.box2d.World.createBody(Lcom/badlogic/gdx/physics/box2d/BodyDef;)Lcom/badlogic/gdx/physics/box2d/Body;+80
j  se.glory.zombieworld.model.entities.weapons.Bullet.<init>(FFFF)V+42
j  se.glory.zombieworld.model.entities.Player.fireBullet()V+64
j  se.glory.zombieworld.model.entities.Player.shoot()V+8
j  se.glory.zombieworld.screens.GameScreen.render(F)V+115
j  com.badlogic.gdx.Game.render()V+19
j  com.badlogic.gdx.backends.lwjgl.LwjglApplication.mainLoop()V+642
j  com.badlogic.gdx.backends.lwjgl.LwjglApplication$1.run()V+27
v  ~StubRoutines::call_stub

Java frames: (J=compiled Java code, j=interpreted, Vv=VM code)
j  com.badlogic.gdx.physics.box2d.World.jniCreateBody(JIFFFFFFFFZZZZZF)J+0
j  com.badlogic.gdx.physics.box2d.World.createBody(Lcom/badlogic/gdx/physics/box2d/BodyDef;)Lcom/badlogic/gdx/physics/box2d/Body;+80
j  se.glory.zombieworld.model.entities.weapons.Bullet.<init>(FFFF)V+42
j  se.glory.zombieworld.model.entities.Player.fireBullet()V+64
j  se.glory.zombieworld.model.entities.Player.shoot()V+8
j  se.glory.zombieworld.screens.GameScreen.render(F)V+115
j  com.badlogic.gdx.Game.render()V+19
j  com.badlogic.gdx.backends.lwjgl.LwjglApplication.mainLoop()V+642
j  com.badlogic.gdx.backends.lwjgl.LwjglApplication$1.run()V+27
v  ~StubRoutines::call_stub

---------------  P R O C E S S  ---------------

Java Threads: ( => current thread )
  0x0000000009f0c800 JavaThread "Timer" [_thread_blocked, id=3268, stack(0x00000000131a0000,0x00000000132a0000)]
  0x0000000009f0b800 JavaThread "LWJGL Timer" daemon [_thread_blocked, id=5980, stack(0x0000000012fa0000,0x00000000130a0000)]
  0x0000000009f0b000 JavaThread "DestroyJavaVM" [_thread_blocked, id=7048, stack(0x0000000002150000,0x0000000002250000)]
=>0x0000000009f0a000 JavaThread "LWJGL Application" [_thread_in_native, id=7008, stack(0x000000000ce60000,0x000000000cf60000)]
  0x0000000009f09800 JavaThread "Service Thread" daemon [_thread_blocked, id=6724, stack(0x000000000b880000,0x000000000b980000)]
  0x0000000009efb800 JavaThread "C2 CompilerThread1" daemon [_thread_blocked, id=5600, stack(0x000000000ae40000,0x000000000af40000)]
  0x0000000009ef9800 JavaThread "C2 CompilerThread0" daemon [_thread_blocked, id=5984, stack(0x000000000b760000,0x000000000b860000)]
  0x0000000009ef5800 JavaThread "Attach Listener" daemon [_thread_blocked, id=404, stack(0x000000000b550000,0x000000000b650000)]
  0x0000000009eee000 JavaThread "Signal Dispatcher" daemon [_thread_blocked, id=5780, stack(0x000000000b3c0000,0x000000000b4c0000)]
  0x0000000002076000 JavaThread "Finalizer" daemon [_thread_blocked, id=7164, stack(0x000000000b270000,0x000000000b370000)]
  0x000000000206f000 JavaThread "Reference Handler" daemon [_thread_blocked, id=6232, stack(0x000000000b0c0000,0x000000000b1c0000)]

Other Threads:
  0x0000000009e72800 VMThread [stack: 0x000000000af60000,0x000000000b060000] [id=1612]
  0x0000000009f23800 WatcherThread [stack: 0x000000000bb30000,0x000000000bc30000] [id=6264]

VM state:not at safepoint (normal execution)

VM Mutex/Monitor currently owned by a thread: None

Heap
 PSYoungGen      total 28288K, used 22817K [0x00000000e06b0000, 0x00000000e2640000, 0x0000000100000000)
  eden space 24256K, 94% used [0x00000000e06b0000,0x00000000e1cf85a8,0x00000000e1e60000)
  from space 4032K, 0% used [0x00000000e2250000,0x00000000e2250000,0x00000000e2640000)
  to   space 4032K, 0% used [0x00000000e1e60000,0x00000000e1e60000,0x00000000e2250000)
 ParOldGen       total 64640K, used 0K [0x00000000a1400000, 0x00000000a5320000, 0x00000000e06b0000)
  object space 64640K, 0% used [0x00000000a1400000,0x00000000a1400000,0x00000000a5320000)
 PSPermGen       total 21248K, used 6711K [0x000000009c200000, 0x000000009d6c0000, 0x00000000a1400000)
  object space 21248K, 31% used [0x000000009c200000,0x000000009c88de78,0x000000009d6c0000)

Card table byte_map: [0x00000000052e0000,0x0000000005600000] byte_map_base: 0x0000000004dff000

Polling page: 0x0000000000200000

Code Cache  [0x00000000022e0000, 0x0000000002550000, 0x00000000052e0000)
 total_blobs=567 nmethods=170 adapters=349 free_code_cache=48383Kb largest_free_block=49513920

Compilation events (10 events):
Event: 7.412 Thread 0x0000000009ef9800  166             com.badlogic.gdx.math.Vector3::sub (23 bytes)
Event: 7.412 Thread 0x0000000009efb800  165             com.badlogic.gdx.math.Vector3::sub (17 bytes)
Event: 7.413 Thread 0x0000000009ef9800 nmethod 166 0x000000000239be10 code [0x000000000239bf40, 0x000000000239bfb8]
Event: 7.413 Thread 0x0000000009efb800 nmethod 165 0x0000000002396710 code [0x0000000002396840, 0x00000000023968d8]
Event: 7.462 Thread 0x0000000009ef9800  167             com.badlogic.gdx.graphics.Color::clamp (126 bytes)
Event: 7.463 Thread 0x0000000009ef9800 nmethod 167 0x0000000002389cd0 code [0x0000000002389e40, 0x0000000002389f38]
Event: 7.529 Thread 0x0000000009ef9800  168             com.badlogic.gdx.math.Matrix4::set (9 bytes)
Event: 7.530 Thread 0x0000000009efb800  169             com.badlogic.gdx.math.Matrix4::set (17 bytes)
Event: 7.530 Thread 0x0000000009ef9800 nmethod 168 0x0000000002396390 code [0x00000000023964e0, 0x00000000023965b8]
Event: 7.531 Thread 0x0000000009efb800 nmethod 169 0x000000000238a490 code [0x000000000238a5e0, 0x000000000238a698]

GC Heap History (0 events):
No events

Deoptimization events (3 events):
Event: 3.978 Thread 0x0000000009f0a000 Uncommon trap -42 fr.pc 0x0000000002380ce8
Event: 4.928 Thread 0x0000000009f0a000 Uncommon trap -42 fr.pc 0x0000000002380ce8
Event: 5.628 Thread 0x0000000009f0a000 Uncommon trap -42 fr.pc 0x0000000002380ce8

Internal exceptions (10 events):
Event: 0.978 Thread 0x0000000009f0a000 Threw 0x00000000e18c9e50 at C:\jdk7u2_64p\jdk7u6\hotspot\src\share\vm\prims\jvm.cpp:1166
Event: 0.979 Thread 0x0000000009f0a000 Threw 0x00000000e18ce4c8 at C:\jdk7u2_64p\jdk7u6\hotspot\src\share\vm\prims\jvm.cpp:1166
Event: 0.979 Thread 0x0000000009f0a000 Threw 0x00000000e18d29b8 at C:\jdk7u2_64p\jdk7u6\hotspot\src\share\vm\prims\jvm.cpp:1166
Event: 1.545 Thread 0x0000000009f0a000 Threw 0x00000000e18ffb50 at C:\jdk7u2_64p\jdk7u6\hotspot\src\share\vm\prims\jvm.cpp:1166
Event: 1.896 Thread 0x0000000009f0a000 Threw 0x00000000e192db60 at C:\jdk7u2_64p\jdk7u6\hotspot\src\share\vm\prims\jvm.cpp:1166
Event: 1.909 Thread 0x0000000009f0a000 Threw 0x00000000e1941008 at C:\jdk7u2_64p\jdk7u6\hotspot\src\share\vm\prims\jvm.cpp:1166
Event: 1.910 Thread 0x0000000009f0a000 Threw 0x00000000e19456b8 at C:\jdk7u2_64p\jdk7u6\hotspot\src\share\vm\prims\jvm.cpp:1166
Event: 1.911 Thread 0x0000000009f0a000 Threw 0x00000000e1948428 at C:\jdk7u2_64p\jdk7u6\hotspot\src\share\vm\prims\jvm.cpp:1166
Event: 1.912 Thread 0x0000000009f0a000 Threw 0x00000000e194e4a0 at C:\jdk7u2_64p\jdk7u6\hotspot\src\share\vm\prims\jvm.cpp:1166
Event: 1.912 Thread 0x0000000009f0a000 Threw 0x00000000e1952d20 at C:\jdk7u2_64p\jdk7u6\hotspot\src\share\vm\prims\jvm.cpp:1166

Events (10 events):
Event: 3.978 Thread 0x0000000009f0a000 DEOPT PACKING pc=0x0000000002380ce8 sp=0x000000000cf5ef80
Event: 3.978 Thread 0x0000000009f0a000 DEOPT UNPACKING pc=0x0000000002319164 sp=0x000000000cf5ef10 mode 2
Event: 4.071 Executing VM operation: EnableBiasedLocking
Event: 4.071 Executing VM operation: EnableBiasedLocking done
Event: 4.928 Thread 0x0000000009f0a000 DEOPT PACKING pc=0x0000000002380ce8 sp=0x000000000cf5ef80
Event: 4.928 Thread 0x0000000009f0a000 DEOPT UNPACKING pc=0x0000000002319164 sp=0x000000000cf5ef10 mode 2
Event: 5.083 loading class 0x000000000206a650
Event: 5.083 loading class 0x000000000206a650 done
Event: 5.628 Thread 0x0000000009f0a000 DEOPT PACKING pc=0x0000000002380ce8 sp=0x000000000cf5ef80
Event: 5.628 Thread 0x0000000009f0a000 DEOPT UNPACKING pc=0x0000000002319164 sp=0x000000000cf5ef10 mode 2


Dynamic libraries:
0x000000013f7e0000 - 0x000000013f814000 	C:\Program Files\Java\jre7\bin\javaw.exe
0x0000000077220000 - 0x00000000773c9000 	C:\Windows\SYSTEM32\ntdll.dll
0x0000000077100000 - 0x000000007721f000 	C:\Windows\system32\kernel32.dll
0x000007fefc5e0000 - 0x000007fefc64b000 	C:\Windows\system32\KERNELBASE.dll
0x000007fefc820000 - 0x000007fefc8fb000 	C:\Windows\system32\ADVAPI32.dll
0x000007fefe150000 - 0x000007fefe1ef000 	C:\Windows\system32\msvcrt.dll
0x000007fefe830000 - 0x000007fefe84f000 	C:\Windows\SYSTEM32\sechost.dll
0x000007fefc660000 - 0x000007fefc78d000 	C:\Windows\system32\RPCRT4.dll
0x0000000077000000 - 0x00000000770fa000 	C:\Windows\system32\USER32.dll
0x000007fefd340000 - 0x000007fefd3a7000 	C:\Windows\system32\GDI32.dll
0x000007fefd3b0000 - 0x000007fefd3be000 	C:\Windows\system32\LPK.dll
0x000007fefc900000 - 0x000007fefc9c9000 	C:\Windows\system32\USP10.dll
0x000007fefa860000 - 0x000007fefaa54000 	C:\Windows\WinSxS\amd64_microsoft.windows.common-controls_6595b64144ccf1df_6.0.7601.17514_none_fa396087175ac9ac\COMCTL32.dll
0x000007fefc790000 - 0x000007fefc801000 	C:\Windows\system32\SHLWAPI.dll
0x000007fefd2f0000 - 0x000007fefd31e000 	C:\Windows\system32\IMM32.DLL
0x000007fefe630000 - 0x000007fefe739000 	C:\Windows\system32\MSCTF.dll
0x000007fefc1f0000 - 0x000007fefc230000 	C:\Windows\system32\nvinitx.dll
0x000000006d060000 - 0x000000006d131000 	C:\Program Files\Java\jre7\bin\msvcr100.dll
0x000000006c940000 - 0x000000006d05f000 	C:\Program Files\Java\jre7\bin\server\jvm.dll
0x000007fef97b0000 - 0x000007fef97b9000 	C:\Windows\system32\WSOCK32.dll
0x000007fefcdb0000 - 0x000007fefcdfd000 	C:\Windows\system32\WS2_32.dll
0x000007fefc810000 - 0x000007fefc818000 	C:\Windows\system32\NSI.dll
0x000007fef8a20000 - 0x000007fef8a5b000 	C:\Windows\system32\WINMM.dll
0x00000000773f0000 - 0x00000000773f7000 	C:\Windows\system32\PSAPI.DLL
0x0000000073950000 - 0x000000007395f000 	C:\Program Files\Java\jre7\bin\verify.dll
0x000000006f820000 - 0x000000006f848000 	C:\Program Files\Java\jre7\bin\java.dll
0x000000006fc10000 - 0x000000006fc25000 	C:\Program Files\Java\jre7\bin\zip.dll
0x0000000065580000 - 0x0000000065610000 	C:\Users\Maestro\AppData\Local\Temp\libgdxMaestro\2caf2849\gdx64.dll
0x0000000180000000 - 0x0000000180050000 	C:\Users\Maestro\AppData\Local\Temp\libgdxMaestro\4c88a7c1\lwjgl64.dll
0x000007feee4d0000 - 0x000007feee5ed000 	C:\Windows\system32\OPENGL32.dll
0x000007fef9780000 - 0x000007fef97ad000 	C:\Windows\system32\GLU32.dll
0x000007feee680000 - 0x000007feee771000 	C:\Windows\system32\DDRAW.dll
0x000007fef97d0000 - 0x000007fef97d8000 	C:\Windows\system32\DCIMAN32.dll
0x000007fefcb30000 - 0x000007fefcd07000 	C:\Windows\system32\SETUPAPI.dll
0x000007fefc4d0000 - 0x000007fefc506000 	C:\Windows\system32\CFGMGR32.dll
0x000007fefc9d0000 - 0x000007fefcaa7000 	C:\Windows\system32\OLEAUT32.dll
0x000007fefe420000 - 0x000007fefe623000 	C:\Windows\system32\ole32.dll
0x000007fefc4b0000 - 0x000007fefc4ca000 	C:\Windows\system32\DEVOBJ.dll
0x000007fef9f80000 - 0x000007fef9f98000 	C:\Windows\system32\dwmapi.dll
0x000007fefb530000 - 0x000007fefb53c000 	C:\Windows\system32\VERSION.dll
0x0000000001ed0000 - 0x0000000001f34000 	C:\Users\Maestro\AppData\Local\Temp\libgdxMaestro\4c88a7c1\OpenAL64.dll
0x000007fefd3c0000 - 0x000007fefe148000 	C:\Windows\system32\SHELL32.dll
0x000007fefc0e0000 - 0x000007fefc0ef000 	C:\Windows\system32\CRYPTBASE.dll
0x000007fefa6c0000 - 0x000007fefa716000 	C:\Windows\system32\uxtheme.dll
0x000007fefcd10000 - 0x000007fefcda9000 	C:\Windows\system32\CLBCatQ.DLL
0x000007fefad00000 - 0x000007fefae2c000 	C:\Windows\System32\PROPSYS.dll
0x000007fefc2e0000 - 0x000007fefc31a000 	C:\Windows\system32\WINTRUST.dll
0x000007fefc330000 - 0x000007fefc49c000 	C:\Windows\system32\CRYPT32.dll
0x000007fefc2d0000 - 0x000007fefc2df000 	C:\Windows\system32\MSASN1.dll
0x000007fef2ed0000 - 0x000007fef2f58000 	C:\Windows\system32\dsound.dll
0x000007fefae80000 - 0x000007fefaeac000 	C:\Windows\system32\POWRPROF.dll
0x000007fefae30000 - 0x000007fefae7b000 	C:\Windows\System32\MMDevApi.dll
0x000007feeeac0000 - 0x000007feeeb0f000 	C:\Windows\system32\AUDIOSES.DLL
0x000000000d110000 - 0x000000000e27a000 	C:\Windows\system32\ig4icd64.dll
0x000007fef8a60000 - 0x000007fef8afc000 	C:\Windows\system32\mscms.dll
0x000007fefb540000 - 0x000007fefb55e000 	C:\Windows\system32\USERENV.dll
0x000007fefc230000 - 0x000007fefc23f000 	C:\Windows\system32\profapi.dll
0x000007fef23a0000 - 0x000007fef23e2000 	C:\Windows\system32\icm32.dll
0x000007fef2d60000 - 0x000007fef2e85000 	C:\Windows\system32\dbghelp.dll

VM Arguments:
jvm_args: -Dfile.encoding=Cp1252 
java_command: se.glory.zombieworld.Main
Launcher Type: SUN_STANDARD

Environment Variables:
CLASSPATH=.;C:\Program Files (x86)\Java\jre7\lib\ext\QTJava.zip
PATH=C:\Program Files (x86)\NVIDIA Corporation\PhysX\Common;C:\Program Files\Common Files\Microsoft Shared\Windows Live;C:\Program Files (x86)\Common Files\Microsoft Shared\Windows Live;C:\Windows\system32;C:\Windows;C:\Windows\System32\Wbem;C:\Windows\System32\WindowsPowerShell\v1.0\;C:\Program Files (x86)\Windows Live\Shared;C:\Program Files (x86)\Microsoft ASP.NET\ASP.NET Web Pages\v1.0\;C:\Program Files\MySQL\MySQL Server 5.1\bin;C:\Program Files (x86)\Microsoft SQL Server\100\Tools\Binn\;C:\Program Files\Microsoft SQL Server\100\Tools\Binn\;C:\Program Files\Microsoft SQL Server\100\DTS\Binn\;C:\Program Files (x86)\Intel\OpenCL SDK\2.0\bin\x86;C:\Program Files (x86)\Intel\OpenCL SDK\2.0\bin\x64;C:\Program Files (x86)\QuickTime\QTSystem\;C:\Program Files (x86)\Git\cmd
USERNAME=Maestro
OS=Windows_NT
PROCESSOR_IDENTIFIER=Intel64 Family 6 Model 42 Stepping 7, GenuineIntel



---------------  S Y S T E M  ---------------

OS: Windows 7 , 64 bit Build 7601 Service Pack 1

CPU:total 4 (2 cores per cpu, 2 threads per core) family 6 model 42 stepping 7, cmov, cx8, fxsr, mmx, sse, sse2, sse3, ssse3, sse4.1, sse4.2, popcnt, avx, ht, tsc, tscinvbit

Memory: 4k page, physical 6201508k(2664188k free), swap 12401156k(7972272k free)

vm_info: Java HotSpot(TM) 64-Bit Server VM (23.2-b09) for windows-amd64 JRE (1.7.0_06-b24), built on Aug  9 2012 20:44:07 by "java_re" with unknown MS VC++:1600

time: Mon Oct 07 12:37:16 2013
elapsed time: 8 seconds

