#
# A fatal error has been detected by the Java Runtime Environment:
#
#  EXCEPTION_ACCESS_VIOLATION (0xc0000005) at pc=0x000000006558b3ed, pid=1328, tid=6116
#
# JRE version: 7.0_06-b24
# Java VM: Java HotSpot(TM) 64-Bit Server VM (23.2-b09 mixed mode windows-amd64 compressed oops)
# Problematic frame:
# C  [gdx64.dll+0xb3ed]
#
# Failed to write core dump. Minidumps are not enabled by default on client versions of Windows
#
# If you would like to submit a bug report, please visit:
#   http://bugreport.sun.com/bugreport/crash.jsp
# The crash happened outside the Java Virtual Machine in native code.
# See problematic frame for where to report the bug.
#

---------------  T H R E A D  ---------------

Current thread (0x000000000befa000):  JavaThread "LWJGL Application" [_thread_in_native, id=6116, stack(0x000000000c710000,0x000000000c810000)]

siginfo: ExceptionCode=0xc0000005, reading address 0x000000020e879710

Registers:
RAX=0x0000000000000008, RBX=0x000000000e860080, RCX=0x000000020e879710, RDX=0x00000000000000b8
RSP=0x000000000c80e9b0, RBP=0x000000000c80eba8, RSI=0x0000000000000006, RDI=0x0000000002266257
R8 =0x000000000e860080, R9 =0x0000000000000000, R10=0x0000000000000001, R11=0x0000000000000001
R12=0x0000000000000000, R13=0x000000009c8528b8, R14=0x000000000c80ec50, R15=0x000000000befa000
RIP=0x000000006558b3ed, EFLAGS=0x0000000000010202

Top of Stack: (sp=0x000000000c80e9b0)
0x000000000c80e9b0:   0000000009fc1ee8 000000006cba8ff7
0x000000000c80e9c0:   0000000009fc1ee8 0000000009fc1ee8
0x000000000c80e9d0:   000000000e860080 000000000c80ea60
0x000000000c80e9e0:   0000000002266257 000000000c80eba8
0x000000000c80e9f0:   0000000000000000 00000000655a1d53
0x000000000c80ea00:   0000000009fc1ee8 0000000100000012
0x000000000c80ea10:   0000000000000011 000000000c80ebc0
0x000000000c80ea20:   0000000000000002 000000009c79feb8
0x000000000c80ea30:   0000000002266257 00000000655aa428
0x000000000c80ea40:   000000009c8528b8 0000000000000000
0x000000000c80ea50:   0000000002266257 00000000022655d8
0x000000000c80ea60:   404f622600000002 000000004075c1a8
0x000000000c80ea70:   0000000000000000 0000000000000000
0x000000000c80ea80:   0000010100000000 000000000c80ec01
0x000000000c80ea90:   0000000000000000 000000003f800000
0x000000000c80eaa0:   000000009c8528b8 0000000002272388 

Instructions: (pc=0x000000006558b3ed)
0x000000006558b3cd:   8f ec 05 00 48 63 f6 0f b6 34 30 83 fe 0d 77 25
0x000000006558b3dd:   48 63 f6 48 8d 46 02 48 8b 0c c3 48 85 c9 74 3e
0x000000006558b3ed:   48 8b 11 48 89 14 c3 48 89 c8 48 83 c4 20 5b 5e
0x000000006558b3fd:   5f 5d 41 5c c3 48 8d 0d af 06 05 00 48 8d 15 40 


Register to memory mapping:

RAX=0x0000000000000008 is an unknown value
RBX=0x000000000e860080 is an unknown value
RCX=0x000000020e879710 is an unknown value
RDX=0x00000000000000b8 is an unknown value
RSP=0x000000000c80e9b0 is pointing into the stack for thread: 0x000000000befa000
RBP=0x000000000c80eba8 is pointing into the stack for thread: 0x000000000befa000
RSI=0x0000000000000006 is an unknown value
RDI=0x0000000002266257 is an Interpreter codelet
return entry points  [0x0000000002265820, 0x0000000002267620]  7680 bytes
R8 =0x000000000e860080 is an unknown value
R9 =0x0000000000000000 is an unknown value
R10=0x0000000000000001 is an unknown value
R11=0x0000000000000001 is an unknown value
R12=0x0000000000000000 is an unknown value
R13=0x000000009c8528b8 is an oop
{method} 
 - klass: {other class}
R14=0x000000000c80ec50 is pointing into the stack for thread: 0x000000000befa000
R15=0x000000000befa000 is a thread


Stack: [0x000000000c710000,0x000000000c810000],  sp=0x000000000c80e9b0,  free space=1018k
Native frames: (J=compiled Java code, j=interpreted, Vv=VM code, C=native code)
C  [gdx64.dll+0xb3ed]
j  com.badlogic.gdx.physics.box2d.World.createBody(Lcom/badlogic/gdx/physics/box2d/BodyDef;)Lcom/badlogic/gdx/physics/box2d/Body;+80
j  se.glory.zombieworld.model.entities.weapons.Bullet.<init>(FFFF)V+42
j  se.glory.zombieworld.model.entities.Player.fireBullet()V+64
j  se.glory.zombieworld.model.entities.Player.shoot()V+8
j  se.glory.zombieworld.screens.GameScreen.render(F)V+115
j  com.badlogic.gdx.Game.render()V+19
j  com.badlogic.gdx.backends.lwjgl.LwjglApplication.mainLoop()V+642
j  com.badlogic.gdx.backends.lwjgl.LwjglApplication$1.run()V+27
v  ~StubRoutines::call_stub

Java frames: (J=compiled Java code, j=interpreted, Vv=VM code)
j  com.badlogic.gdx.physics.box2d.World.jniCreateBody(JIFFFFFFFFZZZZZF)J+0
j  com.badlogic.gdx.physics.box2d.World.createBody(Lcom/badlogic/gdx/physics/box2d/BodyDef;)Lcom/badlogic/gdx/physics/box2d/Body;+80
j  se.glory.zombieworld.model.entities.weapons.Bullet.<init>(FFFF)V+42
j  se.glory.zombieworld.model.entities.Player.fireBullet()V+64
j  se.glory.zombieworld.model.entities.Player.shoot()V+8
j  se.glory.zombieworld.screens.GameScreen.render(F)V+115
j  com.badlogic.gdx.Game.render()V+19
j  com.badlogic.gdx.backends.lwjgl.LwjglApplication.mainLoop()V+642
j  com.badlogic.gdx.backends.lwjgl.LwjglApplication$1.run()V+27
v  ~StubRoutines::call_stub

---------------  P R O C E S S  ---------------

Java Threads: ( => current thread )
  0x000000000bdcf000 JavaThread "Timer" [_thread_blocked, id=4192, stack(0x0000000011b20000,0x0000000011c20000)]
  0x000000000bfc7800 JavaThread "LWJGL Timer" daemon [_thread_blocked, id=6368, stack(0x00000000118d0000,0x00000000119d0000)]
  0x000000000203d000 JavaThread "DestroyJavaVM" [_thread_blocked, id=5348, stack(0x0000000002090000,0x0000000002190000)]
=>0x000000000befa000 JavaThread "LWJGL Application" [_thread_in_native, id=6116, stack(0x000000000c710000,0x000000000c810000)]
  0x0000000009fe4800 JavaThread "Service Thread" daemon [_thread_blocked, id=6448, stack(0x000000000b9c0000,0x000000000bac0000)]
  0x0000000009fcb800 JavaThread "C2 CompilerThread1" daemon [_thread_blocked, id=6588, stack(0x000000000b1e0000,0x000000000b2e0000)]
  0x0000000009fca000 JavaThread "C2 CompilerThread0" daemon [_thread_blocked, id=1772, stack(0x000000000b810000,0x000000000b910000)]
  0x0000000009fc5000 JavaThread "Attach Listener" daemon [_thread_blocked, id=4048, stack(0x000000000b6a0000,0x000000000b7a0000)]
  0x0000000009fbe000 JavaThread "Signal Dispatcher" daemon [_thread_blocked, id=6840, stack(0x000000000b490000,0x000000000b590000)]
  0x0000000002016000 JavaThread "Finalizer" daemon [_thread_blocked, id=4804, stack(0x000000000b300000,0x000000000b400000)]
  0x000000000200f000 JavaThread "Reference Handler" daemon [_thread_blocked, id=2588, stack(0x000000000af30000,0x000000000b030000)]

Other Threads:
  0x0000000009f42800 VMThread [stack: 0x000000000b060000,0x000000000b160000] [id=6720]
  0x0000000009ff3800 WatcherThread [stack: 0x000000000bc80000,0x000000000bd80000] [id=7124]

VM state:not at safepoint (normal execution)

VM Mutex/Monitor currently owned by a thread: None

Heap
 PSYoungGen      total 28288K, used 13562K [0x00000000e06b0000, 0x00000000e2640000, 0x0000000100000000)
  eden space 24256K, 39% used [0x00000000e06b0000,0x00000000e101dc20,0x00000000e1e60000)
  from space 4032K, 96% used [0x00000000e1e60000,0x00000000e2230d90,0x00000000e2250000)
  to   space 4032K, 0% used [0x00000000e2250000,0x00000000e2250000,0x00000000e2640000)
 ParOldGen       total 64640K, used 8K [0x00000000a1400000, 0x00000000a5320000, 0x00000000e06b0000)
  object space 64640K, 0% used [0x00000000a1400000,0x00000000a1402000,0x00000000a5320000)
 PSPermGen       total 21248K, used 7331K [0x000000009c200000, 0x000000009d6c0000, 0x00000000a1400000)
  object space 21248K, 34% used [0x000000009c200000,0x000000009c928e90,0x000000009d6c0000)

Card table byte_map: [0x0000000005320000,0x0000000005640000] byte_map_base: 0x0000000004e3f000

Polling page: 0x0000000000200000

Code Cache  [0x0000000002260000, 0x00000000024d0000, 0x0000000005260000)
 total_blobs=657 nmethods=247 adapters=361 free_code_cache=48266Kb largest_free_block=49397632

Compilation events (10 events):
Event: 23.309 Thread 0x0000000009fcb800  242             se.glory.zombieworld.model.entities.MoveableBody::isMoving (19 bytes)
Event: 23.311 Thread 0x0000000009fcb800 nmethod 242 0x0000000002336510 code [0x0000000002336680, 0x00000000023367a8]
Event: 23.809 Thread 0x0000000009fca000  243   !         org.lwjgl.opengl.Sync::sync (125 bytes)
Event: 23.826 Thread 0x0000000009fcb800  244             java.lang.Object::equals (11 bytes)
Event: 23.826 Thread 0x0000000009fcb800 nmethod 244 0x000000000233d550 code [0x000000000233d680, 0x000000000233d6f8]
Event: 23.827 Thread 0x0000000009fca000 nmethod 243 0x0000000002341050 code [0x00000000023412e0, 0x0000000002341f70]
Event: 24.393 Thread 0x0000000009fcb800  245             com.badlogic.gdx.math.Vector3::crs (62 bytes)
Event: 24.393 Thread 0x0000000009fcb800 nmethod 245 0x0000000002336290 code [0x00000000023363c0, 0x0000000002336478]
Event: 24.811 Thread 0x0000000009fca000  246             se.glory.zombieworld.model.entities.MoveableBody::getTileX (22 bytes)
Event: 24.812 Thread 0x0000000009fca000 nmethod 246 0x000000000233e890 code [0x000000000233ea00, 0x000000000233eb28]

GC Heap History (2 events):
Event: 10.536 GC heap before
{Heap before GC invocations=1 (full 0):
 PSYoungGen      total 28288K, used 24256K [0x00000000e06b0000, 0x00000000e2640000, 0x0000000100000000)
  eden space 24256K, 100% used [0x00000000e06b0000,0x00000000e1e60000,0x00000000e1e60000)
  from space 4032K, 0% used [0x00000000e2250000,0x00000000e2250000,0x00000000e2640000)
  to   space 4032K, 0% used [0x00000000e1e60000,0x00000000e1e60000,0x00000000e2250000)
 ParOldGen       total 64640K, used 0K [0x00000000a1400000, 0x00000000a5320000, 0x00000000e06b0000)
  object space 64640K, 0% used [0x00000000a1400000,0x00000000a1400000,0x00000000a5320000)
 PSPermGen       total 21248K, used 7304K [0x000000009c200000, 0x000000009d6c0000, 0x00000000a1400000)
  object space 21248K, 34% used [0x000000009c200000,0x000000009c922350,0x000000009d6c0000)
Event: 10.543 GC heap after
Heap after GC invocations=1 (full 0):
 PSYoungGen      total 28288K, used 3907K [0x00000000e06b0000, 0x00000000e2640000, 0x0000000100000000)
  eden space 24256K, 0% used [0x00000000e06b0000,0x00000000e06b0000,0x00000000e1e60000)
  from space 4032K, 96% used [0x00000000e1e60000,0x00000000e2230d90,0x00000000e2250000)
  to   space 4032K, 0% used [0x00000000e2250000,0x00000000e2250000,0x00000000e2640000)
 ParOldGen       total 64640K, used 8K [0x00000000a1400000, 0x00000000a5320000, 0x00000000e06b0000)
  object space 64640K, 0% used [0x00000000a1400000,0x00000000a1402000,0x00000000a5320000)
 PSPermGen       total 21248K, used 7304K [0x000000009c200000, 0x000000009d6c0000, 0x00000000a1400000)
  object space 21248K, 34% used [0x000000009c200000,0x000000009c922350,0x000000009d6c0000)
}

Deoptimization events (4 events):
Event: 8.486 Thread 0x000000000befa000 Uncommon trap -42 fr.pc 0x00000000022ff928
Event: 23.076 Thread 0x000000000befa000 Uncommon trap -42 fr.pc 0x00000000022ff928
Event: 23.410 Thread 0x000000000befa000 Uncommon trap -83 fr.pc 0x0000000002329390
Event: 24.109 Thread 0x000000000befa000 Uncommon trap -42 fr.pc 0x00000000022ff928

Internal exceptions (10 events):
Event: 6.540 Thread 0x000000000befa000 Threw 0x00000000e1acc798 at C:\jdk7u2_64p\jdk7u6\hotspot\src\share\vm\prims\jvm.cpp:1166
Event: 6.546 Thread 0x000000000befa000 Threw 0x00000000e1ad3318 at C:\jdk7u2_64p\jdk7u6\hotspot\src\share\vm\prims\jvm.cpp:1166
Event: 6.547 Thread 0x000000000befa000 Threw 0x00000000e1ad77e0 at C:\jdk7u2_64p\jdk7u6\hotspot\src\share\vm\prims\jvm.cpp:1166
Event: 6.548 Thread 0x000000000befa000 Threw 0x00000000e1ada828 at C:\jdk7u2_64p\jdk7u6\hotspot\src\share\vm\prims\jvm.cpp:1166
Event: 8.537 Thread 0x000000000befa000 Threw 0x00000000e1d29f70 at C:\jdk7u2_64p\jdk7u6\hotspot\src\share\vm\prims\jvm.cpp:1166
Event: 8.548 Thread 0x000000000befa000 Threw 0x00000000e1d2d380 at C:\jdk7u2_64p\jdk7u6\hotspot\src\share\vm\prims\jvm.cpp:1166
Event: 8.549 Thread 0x000000000befa000 Threw 0x00000000e1d31a30 at C:\jdk7u2_64p\jdk7u6\hotspot\src\share\vm\prims\jvm.cpp:1166
Event: 8.550 Thread 0x000000000befa000 Threw 0x00000000e1d347a0 at C:\jdk7u2_64p\jdk7u6\hotspot\src\share\vm\prims\jvm.cpp:1166
Event: 8.551 Thread 0x000000000befa000 Threw 0x00000000e1d3a818 at C:\jdk7u2_64p\jdk7u6\hotspot\src\share\vm\prims\jvm.cpp:1166
Event: 8.551 Thread 0x000000000befa000 Threw 0x00000000e1d4f118 at C:\jdk7u2_64p\jdk7u6\hotspot\src\share\vm\prims\jvm.cpp:1166

Events (10 events):
Event: 10.549 Executing VM operation: RevokeBias
Event: 10.549 Executing VM operation: RevokeBias done
Event: 10.549 Executing VM operation: RevokeBias
Event: 10.549 Executing VM operation: RevokeBias done
Event: 23.076 Thread 0x000000000befa000 DEOPT PACKING pc=0x00000000022ff928 sp=0x000000000c80ec00
Event: 23.076 Thread 0x000000000befa000 DEOPT UNPACKING pc=0x0000000002299164 sp=0x000000000c80eb90 mode 2
Event: 23.410 Thread 0x000000000befa000 DEOPT PACKING pc=0x0000000002329390 sp=0x000000000c80edc0
Event: 23.410 Thread 0x000000000befa000 DEOPT UNPACKING pc=0x0000000002299164 sp=0x000000000c80ed78 mode 2
Event: 24.109 Thread 0x000000000befa000 DEOPT PACKING pc=0x00000000022ff928 sp=0x000000000c80ec00
Event: 24.109 Thread 0x000000000befa000 DEOPT UNPACKING pc=0x0000000002299164 sp=0x000000000c80eb90 mode 2


Dynamic libraries:
0x000000013fb50000 - 0x000000013fb84000 	C:\Program Files\Java\jre7\bin\javaw.exe
0x0000000077220000 - 0x00000000773c9000 	C:\Windows\SYSTEM32\ntdll.dll
0x0000000077100000 - 0x000000007721f000 	C:\Windows\system32\kernel32.dll
0x000007fefc5e0000 - 0x000007fefc64b000 	C:\Windows\system32\KERNELBASE.dll
0x000007fefc820000 - 0x000007fefc8fb000 	C:\Windows\system32\ADVAPI32.dll
0x000007fefe150000 - 0x000007fefe1ef000 	C:\Windows\system32\msvcrt.dll
0x000007fefe830000 - 0x000007fefe84f000 	C:\Windows\SYSTEM32\sechost.dll
0x000007fefc660000 - 0x000007fefc78d000 	C:\Windows\system32\RPCRT4.dll
0x0000000077000000 - 0x00000000770fa000 	C:\Windows\system32\USER32.dll
0x000007fefd340000 - 0x000007fefd3a7000 	C:\Windows\system32\GDI32.dll
0x000007fefd3b0000 - 0x000007fefd3be000 	C:\Windows\system32\LPK.dll
0x000007fefc900000 - 0x000007fefc9c9000 	C:\Windows\system32\USP10.dll
0x000007fefa860000 - 0x000007fefaa54000 	C:\Windows\WinSxS\amd64_microsoft.windows.common-controls_6595b64144ccf1df_6.0.7601.17514_none_fa396087175ac9ac\COMCTL32.dll
0x000007fefc790000 - 0x000007fefc801000 	C:\Windows\system32\SHLWAPI.dll
0x000007fefd2f0000 - 0x000007fefd31e000 	C:\Windows\system32\IMM32.DLL
0x000007fefe630000 - 0x000007fefe739000 	C:\Windows\system32\MSCTF.dll
0x000007fefc1f0000 - 0x000007fefc230000 	C:\Windows\system32\nvinitx.dll
0x000000006d060000 - 0x000000006d131000 	C:\Program Files\Java\jre7\bin\msvcr100.dll
0x000000006c940000 - 0x000000006d05f000 	C:\Program Files\Java\jre7\bin\server\jvm.dll
0x000007fef97b0000 - 0x000007fef97b9000 	C:\Windows\system32\WSOCK32.dll
0x000007fefcdb0000 - 0x000007fefcdfd000 	C:\Windows\system32\WS2_32.dll
0x000007fefc810000 - 0x000007fefc818000 	C:\Windows\system32\NSI.dll
0x000007fef8a20000 - 0x000007fef8a5b000 	C:\Windows\system32\WINMM.dll
0x00000000773f0000 - 0x00000000773f7000 	C:\Windows\system32\PSAPI.DLL
0x0000000073950000 - 0x000000007395f000 	C:\Program Files\Java\jre7\bin\verify.dll
0x000000006f820000 - 0x000000006f848000 	C:\Program Files\Java\jre7\bin\java.dll
0x000000006fc10000 - 0x000000006fc25000 	C:\Program Files\Java\jre7\bin\zip.dll
0x0000000065580000 - 0x0000000065610000 	C:\Users\Maestro\AppData\Local\Temp\libgdxMaestro\2caf2849\gdx64.dll
0x0000000180000000 - 0x0000000180050000 	C:\Users\Maestro\AppData\Local\Temp\libgdxMaestro\4c88a7c1\lwjgl64.dll
0x000007feee4d0000 - 0x000007feee5ed000 	C:\Windows\system32\OPENGL32.dll
0x000007fef9780000 - 0x000007fef97ad000 	C:\Windows\system32\GLU32.dll
0x000007feee680000 - 0x000007feee771000 	C:\Windows\system32\DDRAW.dll
0x000007fef97d0000 - 0x000007fef97d8000 	C:\Windows\system32\DCIMAN32.dll
0x000007fefcb30000 - 0x000007fefcd07000 	C:\Windows\system32\SETUPAPI.dll
0x000007fefc4d0000 - 0x000007fefc506000 	C:\Windows\system32\CFGMGR32.dll
0x000007fefc9d0000 - 0x000007fefcaa7000 	C:\Windows\system32\OLEAUT32.dll
0x000007fefe420000 - 0x000007fefe623000 	C:\Windows\system32\ole32.dll
0x000007fefc4b0000 - 0x000007fefc4ca000 	C:\Windows\system32\DEVOBJ.dll
0x000007fef9f80000 - 0x000007fef9f98000 	C:\Windows\system32\dwmapi.dll
0x000007fefb530000 - 0x000007fefb53c000 	C:\Windows\system32\VERSION.dll
0x0000000001bc0000 - 0x0000000001c24000 	C:\Users\Maestro\AppData\Local\Temp\libgdxMaestro\4c88a7c1\OpenAL64.dll
0x000007fefd3c0000 - 0x000007fefe148000 	C:\Windows\system32\SHELL32.dll
0x000007fefc0e0000 - 0x000007fefc0ef000 	C:\Windows\system32\CRYPTBASE.dll
0x000007fefa6c0000 - 0x000007fefa716000 	C:\Windows\system32\uxtheme.dll
0x000007fefcd10000 - 0x000007fefcda9000 	C:\Windows\system32\CLBCatQ.DLL
0x000007fefad00000 - 0x000007fefae2c000 	C:\Windows\System32\PROPSYS.dll
0x000007fefc2e0000 - 0x000007fefc31a000 	C:\Windows\system32\WINTRUST.dll
0x000007fefc330000 - 0x000007fefc49c000 	C:\Windows\system32\CRYPT32.dll
0x000007fefc2d0000 - 0x000007fefc2df000 	C:\Windows\system32\MSASN1.dll
0x000007fef2360000 - 0x000007fef23e8000 	C:\Windows\system32\dsound.dll
0x000007fefae80000 - 0x000007fefaeac000 	C:\Windows\system32\POWRPROF.dll
0x000007fefae30000 - 0x000007fefae7b000 	C:\Windows\System32\MMDevApi.dll
0x000007feeeac0000 - 0x000007feeeb0f000 	C:\Windows\system32\AUDIOSES.DLL
0x000000000d1e0000 - 0x000000000e34a000 	C:\Windows\system32\ig4icd64.dll
0x000007fef8a60000 - 0x000007fef8afc000 	C:\Windows\system32\mscms.dll
0x000007fefb540000 - 0x000007fefb55e000 	C:\Windows\system32\USERENV.dll
0x000007fefc230000 - 0x000007fefc23f000 	C:\Windows\system32\profapi.dll
0x000007fef2f10000 - 0x000007fef2f52000 	C:\Windows\system32\icm32.dll
0x000007fef2d60000 - 0x000007fef2e85000 	C:\Windows\system32\dbghelp.dll

VM Arguments:
jvm_args: -Dfile.encoding=Cp1252 
java_command: se.glory.zombieworld.Main
Launcher Type: SUN_STANDARD

Environment Variables:
CLASSPATH=.;C:\Program Files (x86)\Java\jre7\lib\ext\QTJava.zip
PATH=C:\Program Files (x86)\NVIDIA Corporation\PhysX\Common;C:\Program Files\Common Files\Microsoft Shared\Windows Live;C:\Program Files (x86)\Common Files\Microsoft Shared\Windows Live;C:\Windows\system32;C:\Windows;C:\Windows\System32\Wbem;C:\Windows\System32\WindowsPowerShell\v1.0\;C:\Program Files (x86)\Windows Live\Shared;C:\Program Files (x86)\Microsoft ASP.NET\ASP.NET Web Pages\v1.0\;C:\Program Files\MySQL\MySQL Server 5.1\bin;C:\Program Files (x86)\Microsoft SQL Server\100\Tools\Binn\;C:\Program Files\Microsoft SQL Server\100\Tools\Binn\;C:\Program Files\Microsoft SQL Server\100\DTS\Binn\;C:\Program Files (x86)\Intel\OpenCL SDK\2.0\bin\x86;C:\Program Files (x86)\Intel\OpenCL SDK\2.0\bin\x64;C:\Program Files (x86)\QuickTime\QTSystem\;C:\Program Files (x86)\Git\cmd
USERNAME=Maestro
OS=Windows_NT
PROCESSOR_IDENTIFIER=Intel64 Family 6 Model 42 Stepping 7, GenuineIntel



---------------  S Y S T E M  ---------------

OS: Windows 7 , 64 bit Build 7601 Service Pack 1

CPU:total 4 (2 cores per cpu, 2 threads per core) family 6 model 42 stepping 7, cmov, cx8, fxsr, mmx, sse, sse2, sse3, ssse3, sse4.1, sse4.2, popcnt, avx, ht, tsc, tscinvbit

Memory: 4k page, physical 6201508k(2650860k free), swap 12401156k(7966368k free)

vm_info: Java HotSpot(TM) 64-Bit Server VM (23.2-b09) for windows-amd64 JRE (1.7.0_06-b24), built on Aug  9 2012 20:44:07 by "java_re" with unknown MS VC++:1600

time: Mon Oct 07 12:35:00 2013
elapsed time: 25 seconds

