#
# A fatal error has been detected by the Java Runtime Environment:
#
#  EXCEPTION_ACCESS_VIOLATION (0xc0000005) at pc=0x000000006558b3ed, pid=6304, tid=7020
#
# JRE version: 7.0_06-b24
# Java VM: Java HotSpot(TM) 64-Bit Server VM (23.2-b09 mixed mode windows-amd64 compressed oops)
# Problematic frame:
# C  [gdx64.dll+0xb3ed]
#
# Failed to write core dump. Minidumps are not enabled by default on client versions of Windows
#
# If you would like to submit a bug report, please visit:
#   http://bugreport.sun.com/bugreport/crash.jsp
# The crash happened outside the Java Virtual Machine in native code.
# See problematic frame for where to report the bug.
#

---------------  T H R E A D  ---------------

Current thread (0x000000000bbdf000):  JavaThread "LWJGL Application" [_thread_in_native, id=7020, stack(0x000000000d130000,0x000000000d230000)]

siginfo: ExceptionCode=0xc0000005, reading address 0x000000020067c2b0

Registers:
RAX=0x0000000000000008, RBX=0x00000000002fbf90, RCX=0x000000020067c2b0, RDX=0x00000000000000b8
RSP=0x000000000d22ea60, RBP=0x000000000d22ec58, RSI=0x0000000000000006, RDI=0x00000000021f6257
R8 =0x00000000002fbf90, R9 =0x0000000000000000, R10=0x0000000000000001, R11=0x0000000000000001
R12=0x0000000000000000, R13=0x000000009c6d9678, R14=0x000000000d22ed00, R15=0x000000000bbdf000
RIP=0x000000006558b3ed, EFLAGS=0x0000000000010202

Top of Stack: (sp=0x000000000d22ea60)
0x000000000d22ea60:   0000000009e01ee8 000000006cba8ff7
0x000000000d22ea70:   0000000009e01ee8 0000000009e01ee8
0x000000000d22ea80:   00000000002fbf90 000000000d22eb10
0x000000000d22ea90:   00000000021f6257 000000000d22ec58
0x000000000d22eaa0:   0000000000000000 00000000655a1d53
0x000000000d22eab0:   0000000009e01ee8 0000000100000012
0x000000000d22eac0:   0000000000000011 000000000d22ec70
0x000000000d22ead0:   0000000000000002 000000009c6f4a98
0x000000000d22eae0:   00000000021f6257 00000000655aa428
0x000000000d22eaf0:   000000009c6d9678 0000000000000000
0x000000000d22eb00:   00000000021f6257 00000000021f55d8
0x000000000d22eb10:   4057bf6400000002 00000000407ff287
0x000000000d22eb20:   0000000000000000 0000000000000000
0x000000000d22eb30:   0000010100000000 000000000d22ed01
0x000000000d22eb40:   0000000000000000 000000003f800000
0x000000000d22eb50:   000000009c6d9678 0000000002202388 

Instructions: (pc=0x000000006558b3ed)
0x000000006558b3cd:   8f ec 05 00 48 63 f6 0f b6 34 30 83 fe 0d 77 25
0x000000006558b3dd:   48 63 f6 48 8d 46 02 48 8b 0c c3 48 85 c9 74 3e
0x000000006558b3ed:   48 8b 11 48 89 14 c3 48 89 c8 48 83 c4 20 5b 5e
0x000000006558b3fd:   5f 5d 41 5c c3 48 8d 0d af 06 05 00 48 8d 15 40 


Register to memory mapping:

RAX=0x0000000000000008 is an unknown value
RBX=0x00000000002fbf90 is an unknown value
RCX=0x000000020067c2b0 is an unknown value
RDX=0x00000000000000b8 is an unknown value
RSP=0x000000000d22ea60 is pointing into the stack for thread: 0x000000000bbdf000
RBP=0x000000000d22ec58 is pointing into the stack for thread: 0x000000000bbdf000
RSI=0x0000000000000006 is an unknown value
RDI=0x00000000021f6257 is an Interpreter codelet
return entry points  [0x00000000021f5820, 0x00000000021f7620]  7680 bytes
R8 =0x00000000002fbf90 is an unknown value
R9 =0x0000000000000000 is an unknown value
R10=0x0000000000000001 is an unknown value
R11=0x0000000000000001 is an unknown value
R12=0x0000000000000000 is an unknown value
R13=0x000000009c6d9678 is an oop
{method} 
 - klass: {other class}
R14=0x000000000d22ed00 is pointing into the stack for thread: 0x000000000bbdf000
R15=0x000000000bbdf000 is a thread


Stack: [0x000000000d130000,0x000000000d230000],  sp=0x000000000d22ea60,  free space=1018k
Native frames: (J=compiled Java code, j=interpreted, Vv=VM code, C=native code)
C  [gdx64.dll+0xb3ed]
j  com.badlogic.gdx.physics.box2d.World.createBody(Lcom/badlogic/gdx/physics/box2d/BodyDef;)Lcom/badlogic/gdx/physics/box2d/Body;+80
j  se.glory.zombieworld.model.entities.weapons.Bullet.<init>(FFFF)V+42
j  se.glory.zombieworld.model.entities.Player.fireBullet()V+64
j  se.glory.zombieworld.model.entities.Player.shoot()V+8
j  se.glory.zombieworld.screens.GameScreen.render(F)V+115
j  com.badlogic.gdx.Game.render()V+19
j  com.badlogic.gdx.backends.lwjgl.LwjglApplication.mainLoop()V+642
j  com.badlogic.gdx.backends.lwjgl.LwjglApplication$1.run()V+27
v  ~StubRoutines::call_stub

Java frames: (J=compiled Java code, j=interpreted, Vv=VM code)
j  com.badlogic.gdx.physics.box2d.World.jniCreateBody(JIFFFFFFFFZZZZZF)J+0
j  com.badlogic.gdx.physics.box2d.World.createBody(Lcom/badlogic/gdx/physics/box2d/BodyDef;)Lcom/badlogic/gdx/physics/box2d/Body;+80
j  se.glory.zombieworld.model.entities.weapons.Bullet.<init>(FFFF)V+42
j  se.glory.zombieworld.model.entities.Player.fireBullet()V+64
j  se.glory.zombieworld.model.entities.Player.shoot()V+8
j  se.glory.zombieworld.screens.GameScreen.render(F)V+115
j  com.badlogic.gdx.Game.render()V+19
j  com.badlogic.gdx.backends.lwjgl.LwjglApplication.mainLoop()V+642
j  com.badlogic.gdx.backends.lwjgl.LwjglApplication$1.run()V+27
v  ~StubRoutines::call_stub

---------------  P R O C E S S  ---------------

Java Threads: ( => current thread )
  0x00000000108aa800 JavaThread "Timer" [_thread_blocked, id=7000, stack(0x0000000013370000,0x0000000013470000)]
  0x0000000010892800 JavaThread "LWJGL Timer" daemon [_thread_blocked, id=1432, stack(0x000000000ea50000,0x000000000eb50000)]
  0x000000000018d000 JavaThread "DestroyJavaVM" [_thread_blocked, id=5296, stack(0x00000000020f0000,0x00000000021f0000)]
=>0x000000000bbdf000 JavaThread "LWJGL Application" [_thread_in_native, id=7020, stack(0x000000000d130000,0x000000000d230000)]
  0x0000000009e0d000 JavaThread "Service Thread" daemon [_thread_blocked, id=6880, stack(0x000000000b820000,0x000000000b920000)]
  0x0000000009e0b800 JavaThread "C2 CompilerThread1" daemon [_thread_blocked, id=6460, stack(0x000000000b6c0000,0x000000000b7c0000)]
  0x0000000009e0a000 JavaThread "C2 CompilerThread0" daemon [_thread_blocked, id=3124, stack(0x000000000b1d0000,0x000000000b2d0000)]
  0x0000000009e05000 JavaThread "Attach Listener" daemon [_thread_blocked, id=3936, stack(0x000000000b410000,0x000000000b510000)]
  0x0000000009dfe000 JavaThread "Signal Dispatcher" daemon [_thread_blocked, id=6528, stack(0x000000000b2d0000,0x000000000b3d0000)]
  0x0000000001f16000 JavaThread "Finalizer" daemon [_thread_blocked, id=6572, stack(0x000000000b050000,0x000000000b150000)]
  0x0000000001f0f000 JavaThread "Reference Handler" daemon [_thread_blocked, id=5932, stack(0x000000000aec0000,0x000000000afc0000)]

Other Threads:
  0x0000000009d82800 VMThread [stack: 0x000000000ad70000,0x000000000ae70000] [id=3980]
  0x0000000009e28800 WatcherThread [stack: 0x000000000b990000,0x000000000ba90000] [id=2040]

VM state:not at safepoint (normal execution)

VM Mutex/Monitor currently owned by a thread: None

Heap
 PSYoungGen      total 28288K, used 7379K [0x00000000e06b0000, 0x00000000e2640000, 0x0000000100000000)
  eden space 24256K, 16% used [0x00000000e06b0000,0x00000000e0a92a48,0x00000000e1e60000)
  from space 4032K, 84% used [0x00000000e1e60000,0x00000000e21b23b8,0x00000000e2250000)
  to   space 4032K, 0% used [0x00000000e2250000,0x00000000e2250000,0x00000000e2640000)
 ParOldGen       total 64640K, used 8K [0x00000000a1400000, 0x00000000a5320000, 0x00000000e06b0000)
  object space 64640K, 0% used [0x00000000a1400000,0x00000000a1402000,0x00000000a5320000)
 PSPermGen       total 21248K, used 6733K [0x000000009c200000, 0x000000009d6c0000, 0x00000000a1400000)
  object space 21248K, 31% used [0x000000009c200000,0x000000009c893778,0x000000009d6c0000)

Card table byte_map: [0x00000000051f0000,0x0000000005510000] byte_map_base: 0x0000000004d0f000

Polling page: 0x0000000000100000

Code Cache  [0x00000000021f0000, 0x0000000002460000, 0x00000000051f0000)
 total_blobs=603 nmethods=206 adapters=349 free_code_cache=48303Kb largest_free_block=49419392

Compilation events (10 events):
Event: 12.787 Thread 0x0000000009e0a000 nmethod 201 0x00000000022c9650 code [0x00000000022c98a0, 0x00000000022ca180]
Event: 12.787 Thread 0x0000000009e0a000  202             com.badlogic.gdx.graphics.Mesh::unbind (7 bytes)
Event: 12.788 Thread 0x0000000009e0b800 nmethod 199 0x00000000022cb1d0 code [0x00000000022cb4a0, 0x00000000022cc560]
Event: 12.788 Thread 0x0000000009e0b800  203             com.badlogic.gdx.graphics.Mesh::unbind (54 bytes)
Event: 12.792 Thread 0x0000000009e0b800 nmethod 203 0x00000000022bfe50 code [0x00000000022c0000, 0x00000000022c03e8]
Event: 12.792 Thread 0x0000000009e0a000 nmethod 202 0x00000000022c7110 code [0x00000000022c72a0, 0x00000000022c75b8]
Event: 13.001 Thread 0x0000000009e0b800  204             java.nio.HeapByteBuffer::ix (7 bytes)
Event: 13.001 Thread 0x0000000009e0b800 nmethod 204 0x00000000022b8510 code [0x00000000022b8640, 0x00000000022b8698]
Event: 13.087 Thread 0x0000000009e0a000  205             se.glory.zombieworld.utilities.AStarPathFinder$Node::setParent (68 bytes)
Event: 13.089 Thread 0x0000000009e0a000 nmethod 205 0x00000000022bfb90 code [0x00000000022bfd00, 0x00000000022bfdb8]

GC Heap History (2 events):
Event: 7.119 GC heap before
{Heap before GC invocations=1 (full 0):
 PSYoungGen      total 28288K, used 24256K [0x00000000e06b0000, 0x00000000e2640000, 0x0000000100000000)
  eden space 24256K, 100% used [0x00000000e06b0000,0x00000000e1e60000,0x00000000e1e60000)
  from space 4032K, 0% used [0x00000000e2250000,0x00000000e2250000,0x00000000e2640000)
  to   space 4032K, 0% used [0x00000000e1e60000,0x00000000e1e60000,0x00000000e2250000)
 ParOldGen       total 64640K, used 0K [0x00000000a1400000, 0x00000000a5320000, 0x00000000e06b0000)
  object space 64640K, 0% used [0x00000000a1400000,0x00000000a1400000,0x00000000a5320000)
 PSPermGen       total 21248K, used 6718K [0x000000009c200000, 0x000000009d6c0000, 0x00000000a1400000)
  object space 21248K, 31% used [0x000000009c200000,0x000000009c88f8d8,0x000000009d6c0000)
Event: 7.125 GC heap after
Heap after GC invocations=1 (full 0):
 PSYoungGen      total 28288K, used 3400K [0x00000000e06b0000, 0x00000000e2640000, 0x0000000100000000)
  eden space 24256K, 0% used [0x00000000e06b0000,0x00000000e06b0000,0x00000000e1e60000)
  from space 4032K, 84% used [0x00000000e1e60000,0x00000000e21b23b8,0x00000000e2250000)
  to   space 4032K, 0% used [0x00000000e2250000,0x00000000e2250000,0x00000000e2640000)
 ParOldGen       total 64640K, used 8K [0x00000000a1400000, 0x00000000a5320000, 0x00000000e06b0000)
  object space 64640K, 0% used [0x00000000a1400000,0x00000000a1402000,0x00000000a5320000)
 PSPermGen       total 21248K, used 6718K [0x000000009c200000, 0x000000009d6c0000, 0x00000000a1400000)
  object space 21248K, 31% used [0x000000009c200000,0x000000009c88f8d8,0x000000009d6c0000)
}

Deoptimization events (1 events):
Event: 4.967 Thread 0x000000000bbdf000 Uncommon trap -42 fr.pc 0x0000000002291468

Internal exceptions (10 events):
Event: 1.047 Thread 0x000000000bbdf000 Threw 0x00000000e19e5f38 at C:\jdk7u2_64p\jdk7u6\hotspot\src\share\vm\prims\jvm.cpp:1166
Event: 1.048 Thread 0x000000000bbdf000 Threw 0x00000000e19ea5b0 at C:\jdk7u2_64p\jdk7u6\hotspot\src\share\vm\prims\jvm.cpp:1166
Event: 1.048 Thread 0x000000000bbdf000 Threw 0x00000000e19eeaa0 at C:\jdk7u2_64p\jdk7u6\hotspot\src\share\vm\prims\jvm.cpp:1166
Event: 1.430 Thread 0x000000000bbdf000 Threw 0x00000000e1a0b1f8 at C:\jdk7u2_64p\jdk7u6\hotspot\src\share\vm\prims\jvm.cpp:1166
Event: 1.632 Thread 0x000000000bbdf000 Threw 0x00000000e1a22210 at C:\jdk7u2_64p\jdk7u6\hotspot\src\share\vm\prims\jvm.cpp:1166
Event: 1.644 Thread 0x000000000bbdf000 Threw 0x00000000e1a35630 at C:\jdk7u2_64p\jdk7u6\hotspot\src\share\vm\prims\jvm.cpp:1166
Event: 1.645 Thread 0x000000000bbdf000 Threw 0x00000000e1a39ce0 at C:\jdk7u2_64p\jdk7u6\hotspot\src\share\vm\prims\jvm.cpp:1166
Event: 1.646 Thread 0x000000000bbdf000 Threw 0x00000000e1a3ca50 at C:\jdk7u2_64p\jdk7u6\hotspot\src\share\vm\prims\jvm.cpp:1166
Event: 1.647 Thread 0x000000000bbdf000 Threw 0x00000000e1a42ac8 at C:\jdk7u2_64p\jdk7u6\hotspot\src\share\vm\prims\jvm.cpp:1166
Event: 1.647 Thread 0x000000000bbdf000 Threw 0x00000000e1a47348 at C:\jdk7u2_64p\jdk7u6\hotspot\src\share\vm\prims\jvm.cpp:1166

Events (10 events):
Event: 1.647 loading class 0x000000000bd4ccf0 done
Event: 1.647 loading class 0x000000000bad4520
Event: 1.647 loading class 0x000000000bad4520 done
Event: 1.648 Thread 0x00000000108aa800 Thread added: 0x00000000108aa800
Event: 4.071 Executing VM operation: EnableBiasedLocking
Event: 4.071 Executing VM operation: EnableBiasedLocking done
Event: 4.967 Thread 0x000000000bbdf000 DEOPT PACKING pc=0x0000000002291468 sp=0x000000000d22ecb0
Event: 4.967 Thread 0x000000000bbdf000 DEOPT UNPACKING pc=0x0000000002229164 sp=0x000000000d22ec40 mode 2
Event: 7.118 Executing VM operation: ParallelGCFailedAllocation
Event: 7.125 Executing VM operation: ParallelGCFailedAllocation done


Dynamic libraries:
0x000000013fda0000 - 0x000000013fdd4000 	C:\Program Files\Java\jre7\bin\javaw.exe
0x0000000077220000 - 0x00000000773c9000 	C:\Windows\SYSTEM32\ntdll.dll
0x0000000077100000 - 0x000000007721f000 	C:\Windows\system32\kernel32.dll
0x000007fefc5e0000 - 0x000007fefc64b000 	C:\Windows\system32\KERNELBASE.dll
0x000007fefc820000 - 0x000007fefc8fb000 	C:\Windows\system32\ADVAPI32.dll
0x000007fefe150000 - 0x000007fefe1ef000 	C:\Windows\system32\msvcrt.dll
0x000007fefe830000 - 0x000007fefe84f000 	C:\Windows\SYSTEM32\sechost.dll
0x000007fefc660000 - 0x000007fefc78d000 	C:\Windows\system32\RPCRT4.dll
0x0000000077000000 - 0x00000000770fa000 	C:\Windows\system32\USER32.dll
0x000007fefd340000 - 0x000007fefd3a7000 	C:\Windows\system32\GDI32.dll
0x000007fefd3b0000 - 0x000007fefd3be000 	C:\Windows\system32\LPK.dll
0x000007fefc900000 - 0x000007fefc9c9000 	C:\Windows\system32\USP10.dll
0x000007fefa860000 - 0x000007fefaa54000 	C:\Windows\WinSxS\amd64_microsoft.windows.common-controls_6595b64144ccf1df_6.0.7601.17514_none_fa396087175ac9ac\COMCTL32.dll
0x000007fefc790000 - 0x000007fefc801000 	C:\Windows\system32\SHLWAPI.dll
0x000007fefd2f0000 - 0x000007fefd31e000 	C:\Windows\system32\IMM32.DLL
0x000007fefe630000 - 0x000007fefe739000 	C:\Windows\system32\MSCTF.dll
0x000007fefc1f0000 - 0x000007fefc230000 	C:\Windows\system32\nvinitx.dll
0x000000006d060000 - 0x000000006d131000 	C:\Program Files\Java\jre7\bin\msvcr100.dll
0x000000006c940000 - 0x000000006d05f000 	C:\Program Files\Java\jre7\bin\server\jvm.dll
0x000007fef97b0000 - 0x000007fef97b9000 	C:\Windows\system32\WSOCK32.dll
0x000007fefcdb0000 - 0x000007fefcdfd000 	C:\Windows\system32\WS2_32.dll
0x000007fefc810000 - 0x000007fefc818000 	C:\Windows\system32\NSI.dll
0x000007fef8a20000 - 0x000007fef8a5b000 	C:\Windows\system32\WINMM.dll
0x00000000773f0000 - 0x00000000773f7000 	C:\Windows\system32\PSAPI.DLL
0x0000000073950000 - 0x000000007395f000 	C:\Program Files\Java\jre7\bin\verify.dll
0x000000006f820000 - 0x000000006f848000 	C:\Program Files\Java\jre7\bin\java.dll
0x000000006fc10000 - 0x000000006fc25000 	C:\Program Files\Java\jre7\bin\zip.dll
0x0000000065580000 - 0x0000000065610000 	C:\Users\Maestro\AppData\Local\Temp\libgdxMaestro\2caf2849\gdx64.dll
0x0000000180000000 - 0x0000000180050000 	C:\Users\Maestro\AppData\Local\Temp\libgdxMaestro\4c88a7c1\lwjgl64.dll
0x000007feee4d0000 - 0x000007feee5ed000 	C:\Windows\system32\OPENGL32.dll
0x000007fef9780000 - 0x000007fef97ad000 	C:\Windows\system32\GLU32.dll
0x000007feee680000 - 0x000007feee771000 	C:\Windows\system32\DDRAW.dll
0x000007fef97d0000 - 0x000007fef97d8000 	C:\Windows\system32\DCIMAN32.dll
0x000007fefcb30000 - 0x000007fefcd07000 	C:\Windows\system32\SETUPAPI.dll
0x000007fefc4d0000 - 0x000007fefc506000 	C:\Windows\system32\CFGMGR32.dll
0x000007fefc9d0000 - 0x000007fefcaa7000 	C:\Windows\system32\OLEAUT32.dll
0x000007fefe420000 - 0x000007fefe623000 	C:\Windows\system32\ole32.dll
0x000007fefc4b0000 - 0x000007fefc4ca000 	C:\Windows\system32\DEVOBJ.dll
0x000007fef9f80000 - 0x000007fef9f98000 	C:\Windows\system32\dwmapi.dll
0x000007fefb530000 - 0x000007fefb53c000 	C:\Windows\system32\VERSION.dll
0x0000000002060000 - 0x00000000020c4000 	C:\Users\Maestro\AppData\Local\Temp\libgdxMaestro\4c88a7c1\OpenAL64.dll
0x000007fefd3c0000 - 0x000007fefe148000 	C:\Windows\system32\SHELL32.dll
0x000007fefc0e0000 - 0x000007fefc0ef000 	C:\Windows\system32\CRYPTBASE.dll
0x000007fefa6c0000 - 0x000007fefa716000 	C:\Windows\system32\uxtheme.dll
0x000007fefcd10000 - 0x000007fefcda9000 	C:\Windows\system32\CLBCatQ.DLL
0x000007fefad00000 - 0x000007fefae2c000 	C:\Windows\System32\PROPSYS.dll
0x000007fefc2e0000 - 0x000007fefc31a000 	C:\Windows\system32\WINTRUST.dll
0x000007fefc330000 - 0x000007fefc49c000 	C:\Windows\system32\CRYPT32.dll
0x000007fefc2d0000 - 0x000007fefc2df000 	C:\Windows\system32\MSASN1.dll
0x000007fef2ed0000 - 0x000007fef2f58000 	C:\Windows\system32\dsound.dll
0x000007fefae80000 - 0x000007fefaeac000 	C:\Windows\system32\POWRPROF.dll
0x000007fefae30000 - 0x000007fefae7b000 	C:\Windows\System32\MMDevApi.dll
0x000007feeeac0000 - 0x000007feeeb0f000 	C:\Windows\system32\AUDIOSES.DLL
0x000000000d230000 - 0x000000000e39a000 	C:\Windows\system32\ig4icd64.dll
0x000007fef8a60000 - 0x000007fef8afc000 	C:\Windows\system32\mscms.dll
0x000007fefb540000 - 0x000007fefb55e000 	C:\Windows\system32\USERENV.dll
0x000007fefc230000 - 0x000007fefc23f000 	C:\Windows\system32\profapi.dll
0x000007fef23a0000 - 0x000007fef23e2000 	C:\Windows\system32\icm32.dll
0x000007fef2d60000 - 0x000007fef2e85000 	C:\Windows\system32\dbghelp.dll

VM Arguments:
jvm_args: -Dfile.encoding=Cp1252 
java_command: se.glory.zombieworld.Main
Launcher Type: SUN_STANDARD

Environment Variables:
CLASSPATH=.;C:\Program Files (x86)\Java\jre7\lib\ext\QTJava.zip
PATH=C:\Program Files (x86)\NVIDIA Corporation\PhysX\Common;C:\Program Files\Common Files\Microsoft Shared\Windows Live;C:\Program Files (x86)\Common Files\Microsoft Shared\Windows Live;C:\Windows\system32;C:\Windows;C:\Windows\System32\Wbem;C:\Windows\System32\WindowsPowerShell\v1.0\;C:\Program Files (x86)\Windows Live\Shared;C:\Program Files (x86)\Microsoft ASP.NET\ASP.NET Web Pages\v1.0\;C:\Program Files\MySQL\MySQL Server 5.1\bin;C:\Program Files (x86)\Microsoft SQL Server\100\Tools\Binn\;C:\Program Files\Microsoft SQL Server\100\Tools\Binn\;C:\Program Files\Microsoft SQL Server\100\DTS\Binn\;C:\Program Files (x86)\Intel\OpenCL SDK\2.0\bin\x86;C:\Program Files (x86)\Intel\OpenCL SDK\2.0\bin\x64;C:\Program Files (x86)\QuickTime\QTSystem\;C:\Program Files (x86)\Git\cmd
USERNAME=Maestro
OS=Windows_NT
PROCESSOR_IDENTIFIER=Intel64 Family 6 Model 42 Stepping 7, GenuineIntel



---------------  S Y S T E M  ---------------

OS: Windows 7 , 64 bit Build 7601 Service Pack 1

CPU:total 4 (2 cores per cpu, 2 threads per core) family 6 model 42 stepping 7, cmov, cx8, fxsr, mmx, sse, sse2, sse3, ssse3, sse4.1, sse4.2, popcnt, avx, ht, tsc, tscinvbit

Memory: 4k page, physical 6201508k(2660416k free), swap 12401156k(7975048k free)

vm_info: Java HotSpot(TM) 64-Bit Server VM (23.2-b09) for windows-amd64 JRE (1.7.0_06-b24), built on Aug  9 2012 20:44:07 by "java_re" with unknown MS VC++:1600

time: Mon Oct 07 12:36:44 2013
elapsed time: 13 seconds

